\BOOKMARK [1][-]{section.1}{\376\377\000A\000d\000d\000e\000d\000\040\000c\000o\000n\000c\000e\000p\000t\000s}{}% 1
\BOOKMARK [2][-]{subsection.1.1}{\376\377\000c\000e\000l\000l\000s}{section.1}% 2
\BOOKMARK [2][-]{subsection.1.2}{\376\377\000T\000V\000A\000\040\000R\000e\000s\000p\000o\000n\000s\000i\000b\000l\000e}{section.1}% 3
\BOOKMARK [2][-]{subsection.1.3}{\376\377\000M\000a\000i\000n\000\040\000T\000V\000A\000\040\000R\000e\000s\000p\000o\000n\000s\000i\000b\000l\000e\000\040\000P\000e\000r\000s\000o\000n}{section.1}% 4
\BOOKMARK [2][-]{subsection.1.4}{\376\377\000D\000e\000p\000u\000t\000y\000\040\000T\000V\000A\000\040\000R\000e\000s\000p\000o\000n\000s\000i\000b\000l\000e\000\040\000P\000e\000r\000s\000o\000n}{section.1}% 5
\BOOKMARK [2][-]{subsection.1.5}{\376\377\000R\000e\000g\000i\000e\000r\000u\000n\000g\000s\000p\000r\000\344\000s\000i\000d\000i\000u\000m}{section.1}% 6
\BOOKMARK [2][-]{subsection.1.6}{\376\377\000A\000n\000i\000m\000a\000l\000\040\000I\000d\000e\000n\000t\000i\000f\000i\000e\000r}{section.1}% 7
\BOOKMARK [2][-]{subsection.1.7}{\376\377\000P\000a\000t\000i\000e\000n\000t\000\040\000D\000e\000r\000i\000v\000e\000d\000\040\000X\000e\000n\000o\000g\000r\000a\000f\000t}{section.1}% 8
\BOOKMARK [2][-]{subsection.1.8}{\376\377\000P\000r\000o\000t\000o\000c\000o\000l\000\040\000I\000d\000e\000n\000t\000i\000f\000i\000e\000r}{section.1}% 9
\BOOKMARK [2][-]{subsection.1.9}{\376\377\000O\000t\000h\000e\000r\000\040\000O\000r\000g\000a\000n\000i\000s\000m\000\040\000G\000r\000o\000u\000p\000i\000n\000g\000s}{section.1}% 10
\BOOKMARK [2][-]{subsection.1.10}{\376\377\000O\000t\000h\000e\000r\000\040\000O\000r\000g\000a\000n\000i\000s\000m\000\040\000G\000r\000o\000u\000p\000i\000n\000g\000s}{section.1}% 11
\BOOKMARK [2][-]{subsection.1.11}{\376\377\000C\000e\000l\000l\000\040\000L\000i\000n\000e\000-\000D\000e\000r\000i\000v\000e\000d\000\040\000X\000e\000n\000o\000g\000r\000a\000f\000t}{section.1}% 12
\BOOKMARK [2][-]{subsection.1.12}{\376\377\000S\000i\000t\000e\000\040\000o\000f\000\040\000T\000u\000m\000o\000r}{section.1}% 13
\BOOKMARK [2][-]{subsection.1.13}{\376\377\000A\000d\000v\000e\000r\000s\000e\000\040\000E\000v\000e\000n\000t\000\040\000T\000e\000r\000m}{section.1}% 14
\BOOKMARK [2][-]{subsection.1.14}{\376\377\000G\000e\000n\000o\000t\000y\000p\000e}{section.1}% 15
\BOOKMARK [2][-]{subsection.1.15}{\376\377\000H\000i\000s\000t\000o\000l\000o\000g\000y}{section.1}% 16
\BOOKMARK [2][-]{subsection.1.16}{\376\377\000C\000o\000u\000n\000t\000r\000y\000\040\000o\000f\000\040\000I\000n\000v\000e\000s\000t\000i\000g\000a\000t\000i\000o\000n\000a\000l\000\040\000S\000i\000t\000e}{section.1}% 17
\BOOKMARK [2][-]{subsection.1.17}{\376\377\000I\000n\000v\000e\000s\000t\000i\000g\000a\000t\000i\000o\000n\000a\000l\000\040\000A\000r\000m}{section.1}% 18
\BOOKMARK [2][-]{subsection.1.18}{\376\377\000O\000t\000h\000e\000r}{section.1}% 19
\BOOKMARK [2][-]{subsection.1.19}{\376\377\000I\000n\000s\000t\000i\000t\000u\000t\000i\000o\000n\000a\000l\000\040\000A\000n\000i\000m\000a\000l\000\040\000C\000a\000r\000e\000\040\000a\000n\000d\000\040\000U\000s\000e\000\040\000C\000o\000m\000m\000i\000t\000t\000e\000e}{section.1}% 20
\BOOKMARK [2][-]{subsection.1.20}{\376\377\000S\000o\000c\000i\000a\000l\000\040\000C\000i\000r\000c\000u\000m\000s\000t\000a\000n\000c\000e\000s}{section.1}% 21
\BOOKMARK [2][-]{subsection.1.21}{\376\377\000P\000r\000i\000n\000c\000i\000p\000a\000l\000\040\000I\000n\000v\000e\000s\000t\000i\000g\000a\000t\000o\000r}{section.1}% 22
\BOOKMARK [2][-]{subsection.1.22}{\376\377\000A\000n\000e\000s\000t\000h\000e\000t\000i\000c\000\040\000A\000g\000e\000n\000t}{section.1}% 23
\BOOKMARK [2][-]{subsection.1.23}{\376\377\000A\000d\000d\000r\000e\000s\000s}{section.1}% 24
\BOOKMARK [2][-]{subsection.1.24}{\376\377\000V\000i\000r\000u\000s\000-\000R\000e\000l\000a\000t\000e\000d\000\040\000M\000a\000l\000i\000g\000n\000a\000n\000t\000\040\000N\000e\000o\000p\000l\000a\000s\000m}{section.1}% 25
\BOOKMARK [2][-]{subsection.1.25}{\376\377\000I\000n\000j\000e\000c\000t\000i\000o\000n\000\040\000R\000o\000u\000t\000e\000\040\000o\000f\000\040\000A\000d\000m\000i\000n\000i\000s\000t\000r\000a\000t\000i\000o\000n}{section.1}% 26
\BOOKMARK [2][-]{subsection.1.26}{\376\377\000D\000a\000t\000a\000\040\000a\000n\000d\000\040\000T\000i\000m\000e}{section.1}% 27
\BOOKMARK [2][-]{subsection.1.27}{\376\377\000R\000o\000u\000t\000e\000\040\000o\000f\000\040\000A\000d\000m\000i\000n\000i\000s\000t\000r\000a\000t\000i\000o\000n}{section.1}% 28
\BOOKMARK [2][-]{subsection.1.28}{\376\377\000N\000a\000m\000e}{section.1}% 29
\BOOKMARK [2][-]{subsection.1.29}{\376\377\000W\000o\000r\000k\000f\000l\000o\000w}{section.1}% 30
\BOOKMARK [2][-]{subsection.1.30}{\376\377\000B\000o\000o\000l\000e\000a\000n}{section.1}% 31
\BOOKMARK [2][-]{subsection.1.31}{\376\377\000S\000p\000e\000c\000i\000e\000s}{section.1}% 32
\BOOKMARK [2][-]{subsection.1.32}{\376\377\000S\000o\000l\000v\000e\000n\000t}{section.1}% 33
\BOOKMARK [2][-]{subsection.1.33}{\376\377\000S\000p\000o\000n\000t\000a\000n\000e\000o\000u\000s}{section.1}% 34
\BOOKMARK [2][-]{subsection.1.34}{\376\377\000C\000e\000l\000l\000\040\000C\000o\000u\000n\000t}{section.1}% 35
\BOOKMARK [2][-]{subsection.1.35}{\376\377\000S\000i\000t\000e\000\040\000I\000n\000v\000e\000s\000t\000i\000g\000a\000t\000o\000r}{section.1}% 36
\BOOKMARK [2][-]{subsection.1.36}{\376\377\000S\000i\000t\000e\000\040\000L\000e\000a\000d\000e\000r}{section.1}% 37
\BOOKMARK [2][-]{subsection.1.37}{\376\377\000P\000r\000o\000d\000u\000c\000t}{section.1}% 38
\BOOKMARK [2][-]{subsection.1.38}{\376\377\000A\000d\000v\000e\000r\000s\000e\000\040\000E\000v\000e\000n\000t\000\040\000b\000y\000\040\000C\000a\000u\000s\000e}{section.1}% 39
\BOOKMARK [2][-]{subsection.1.39}{\376\377\000S\000u\000b\000j\000e\000c\000t\000\040\000U\000n\000i\000q\000u\000e\000\040\000I\000d\000e\000n\000t\000i\000f\000i\000e\000r}{section.1}% 40
\BOOKMARK [2][-]{subsection.1.40}{\376\377\000C\000o\000n\000c\000e\000p\000t\000\040\000U\000n\000i\000q\000u\000e\000\040\000I\000d\000e\000n\000t\000i\000f\000i\000e\000r}{section.1}% 41
\BOOKMARK [2][-]{subsection.1.41}{\376\377\000S\000t\000u\000d\000y\000\040\000S\000i\000t\000e}{section.1}% 42
\BOOKMARK [2][-]{subsection.1.42}{\376\377\000I\000n\000v\000e\000s\000t\000i\000g\000a\000t\000o\000r\000\040\000I\000d\000e\000n\000t\000i\000f\000i\000e\000r}{section.1}% 43
\BOOKMARK [2][-]{subsection.1.43}{\376\377\000B\000i\000r\000t\000h\000\040\000D\000a\000t\000e\000\040\000a\000n\000d\000\040\000T\000i\000m\000e}{section.1}% 44
\BOOKMARK [2][-]{subsection.1.44}{\376\377\000A\000d\000v\000e\000r\000s\000e\000\040\000E\000v\000e\000n\000t\000\040\000A\000c\000t\000i\000o\000n\000\040\000T\000a\000k\000e\000n\000\040\000R\000e\000l\000a\000t\000i\000o\000n\000s\000h\000i\000p\000\040\000T\000y\000p\000e\000\040\000C\000o\000d\000e}{section.1}% 45
\BOOKMARK [2][-]{subsection.1.45}{\376\377\000A\000n\000i\000m\000a\000l\000\040\000O\000r\000g\000a\000n\000i\000s\000m\000\040\000S\000t\000r\000a\000i\000n}{section.1}% 46
\BOOKMARK [2][-]{subsection.1.46}{\376\377\000F\000i\000l\000t\000e\000r}{section.1}% 47
\BOOKMARK [2][-]{subsection.1.47}{\376\377\000S\000t\000a\000g\000e}{section.1}% 48
\BOOKMARK [2][-]{subsection.1.48}{\376\377\000M\000e\000a\000s\000u\000r\000e\000m\000e\000n\000t}{section.1}% 49
\BOOKMARK [2][-]{subsection.1.49}{\376\377\000P\000r\000i\000m\000a\000r\000y\000\040\000H\000e\000a\000l\000t\000h\000\040\000C\000o\000n\000d\000i\000t\000i\000o\000n}{section.1}% 50
\BOOKMARK [2][-]{subsection.1.50}{\376\377\000g\000r\000a\000m}{section.1}% 51
\BOOKMARK [2][-]{subsection.1.51}{\376\377\000R\000a\000d\000i\000a\000t\000i\000o\000n\000\040\000R\000e\000s\000e\000a\000r\000c\000h\000\040\000D\000e\000v\000i\000c\000e}{section.1}% 52
\BOOKMARK [2][-]{subsection.1.52}{\376\377\000W\000i\000t\000h\000\040\000c\000o\000n\000f\000i\000g\000u\000r\000a\000t\000i\000o\000n}{section.1}% 53
<<<<<<< Updated upstream
\BOOKMARK [2][-]{subsection.1.53}{\376\377\000S\000t\000u\000d\000y}{section.1}% 54
\BOOKMARK [2][-]{subsection.1.54}{\376\377\000M\000o\000r\000t\000a\000l\000i\000t\000y\000\040\000a\000n\000d\000\040\000D\000e\000a\000t\000h\000\040\000D\000e\000t\000a\000i\000l\000s}{section.1}% 55
\BOOKMARK [2][-]{subsection.1.55}{\376\377\000A\000d\000v\000e\000r\000s\000e\000\040\000E\000v\000e\000n\000t\000s}{section.1}% 56
\BOOKMARK [2][-]{subsection.1.56}{\376\377\000R\000e\000a\000s\000o\000n\000\040\000\050\000C\000a\000u\000s\000e\000\040\000o\000f\000\040\000D\000e\000a\000t\000h\000\051}{section.1}% 57
\BOOKMARK [2][-]{subsection.1.57}{\376\377\000E\000u\000t\000h\000a\000n\000a\000s\000i\000a\000\040\000M\000e\000t\000h\000o\000d}{section.1}% 58
\BOOKMARK [2][-]{subsection.1.58}{\376\377\000C\000e\000r\000v\000i\000c\000a\000l\000\040\000D\000i\000s\000l\000o\000c\000a\000t\000i\000o\000n}{section.1}% 59
\BOOKMARK [2][-]{subsection.1.59}{\376\377\000A\000s\000p\000h\000y\000x\000i\000a}{section.1}% 60
\BOOKMARK [2][-]{subsection.1.60}{\376\377\000B\000l\000o\000o\000d\000\040\000D\000r\000a\000i\000n\000i\000n\000g}{section.1}% 61
=======
\BOOKMARK [2][-]{subsection.1.53}{\376\377\000P\000e\000r\000s\000o\000n}{section.1}% 54
\BOOKMARK [2][-]{subsection.1.54}{\376\377\000T\000y\000p\000e}{section.1}% 55
\BOOKMARK [2][-]{subsection.1.55}{\376\377\000U\000n\000i\000t\000\040\000o\000f\000\040\000m\000e\000a\000s\000u\000r\000e}{section.1}% 56
\BOOKMARK [2][-]{subsection.1.56}{\376\377\000F\000r\000a\000c\000t\000i\000o\000n}{section.1}% 57
\BOOKMARK [2][-]{subsection.1.57}{\376\377\000R\000a\000d\000i\000a\000t\000i\000o\000n\000\040\000A\000r\000c}{section.1}% 58
\BOOKMARK [2][-]{subsection.1.58}{\376\377\000C\000o\000l\000l\000i\000m\000a\000t\000o\000r\000\040\000D\000e\000v\000i\000c\000e}{section.1}% 59
\BOOKMARK [2][-]{subsection.1.59}{\376\377\000N\000u\000m\000b\000e\000r\000\040\000F\000r\000a\000c\000t\000i\000o\000n}{section.1}% 60
\BOOKMARK [2][-]{subsection.1.60}{\376\377\000A\000n\000g\000l\000e}{section.1}% 61
\BOOKMARK [2][-]{subsection.1.61}{\376\377\000S\000t\000a\000t\000i\000c}{section.1}% 62
\BOOKMARK [2][-]{subsection.1.62}{\376\377\000D\000y\000n\000a\000m\000i\000c}{section.1}% 63
\BOOKMARK [2][-]{subsection.1.63}{\376\377\000L\000a\000b\000o\000r\000a\000t\000o\000r\000y\000\040\000T\000e\000s\000t\000\040\000T\000i\000m\000e}{section.1}% 64
\BOOKMARK [2][-]{subsection.1.64}{\376\377\000L\000e\000n\000g\000t\000h\000\040\000o\000f\000\040\000e\000x\000t\000e\000r\000n\000a\000l\000\040\000b\000e\000a\000m\000\040\000r\000a\000d\000i\000a\000t\000i\000o\000n\000\040\000t\000h\000e\000r\000a\000p\000y\000\040\000b\000e\000a\000m}{section.1}% 65
\BOOKMARK [2][-]{subsection.1.65}{\376\377\000P\000h\000o\000t\000o\000n}{section.1}% 66
\BOOKMARK [2][-]{subsection.1.66}{\376\377\000P\000r\000o\000t\000o\000n}{section.1}% 67
\BOOKMARK [2][-]{subsection.1.67}{\376\377\000I\000o\000n}{section.1}% 68
\BOOKMARK [2][-]{subsection.1.68}{\376\377\000S\000u\000b\000s\000t\000a\000n\000c\000e}{section.1}% 69
>>>>>>> Stashed changes
